Flutter crash report; please file at https://github.com/flutter/flutter/issues.

## command

flutter run

## exception

SocketException: SocketException: Write failed (OS Error: Broken pipe, errno = 32), port = 0

```
null```

## flutter doctor

```
[32m[✓][39m Flutter (Channel stable, v1.7.8+hotfix.4, on Linux, locale en_IN)
    [32m•[39m Flutter version 1.7.8+hotfix.4 at
      /home/abhijeet/flutter/flutter_linux_v1.7.8+hotfix.4-stable/flutter
    [32m•[39m Framework revision 20e59316b8 (6 weeks ago), 2019-07-18 20:04:33 -0700
    [32m•[39m Engine revision fee001c93f
    [32m•[39m Dart version 2.4.0

[33m[!][39m Android toolchain - develop for Android devices (Android SDK version 29.0.2)
    [32m•[39m Android SDK at /home/abhijeet/Android/Sdk
    [32m•[39m Android NDK location not configured (optional; useful for native profiling
      support)
    [32m•[39m Platform android-29, build-tools 29.0.2
    [32m•[39m ANDROID_HOME = /home/abhijeet/Android/Sdk
    [32m•[39m Java binary at:
      /home/abhijeet/android-studio-ide-183.5692245-linux/android-studio/jre/bin
      /java
    [32m•[39m Java version OpenJDK Runtime Environment (build
      1.8.0_152-release-1343-b16-5323222)
    [31m✗[39m Android license status unknown.
      Try re-installing or updating your Android SDK Manager.
      See https://developer.android.com/studio/#downloads or visit
      https://flutter.dev/setup/#android-setup for detailed instructions.

[32m[✓][39m Android Studio (version 3.4)
    [32m•[39m Android Studio at
      /home/abhijeet/android-studio-ide-183.5692245-linux/android-studio
    [32m•[39m Flutter plugin version 38.2.1
    [32m•[39m Dart plugin version 183.6270
    [32m•[39m Java version OpenJDK Runtime Environment (build
      1.8.0_152-release-1343-b16-5323222)

[32m[✓][39m VS Code (version 1.37.1)
    [32m•[39m VS Code at /usr/share/code
    [32m•[39m Flutter extension version 3.3.0

[32m[✓][39m Connected device (1 available)
    [32m•[39m Moto C Plus • ZZ2222F5NK • android-arm • Android 7.0 (API 24)

[33m![39m Doctor found issues in 1 category.
```
